<?xml version="1.0" encoding="UTF-8"?>
<!-- Generated by org.testng.reporters.JUnitXMLReporter -->
<testsuite hostname="bittechs-imac-4.lan" ignored="1" name="grorpstest" tests="2" failures="0" timestamp="01 Sep 2019 16:11:11 GMT" time="0.03" errors="0">
  <testcase name="test2" time="0.004" classname="com.bit.ui.test.RegressionTest"/>
  <testcase name="test1" time="0.001" classname="com.bit.ui.test.SmokeTest"/>
  <testcase name="test3" time="0.0" classname="com.bit.ui.test.RegressionTest">
    <ignored/>
  </testcase> <!-- test3 -->
</testsuite> <!-- grorpstest -->
